build/app/intermediates/manifest_merge_blame_file/release/manifest-merger-blame-release-report.txt
1<?xml version="1.0" encoding="utf-8"?>
2<manifest xmlns:android="http://schemas.android.com/apk/res/android"
3    package="com.maukan.cast"
4    android:versionCode="1"
5    android:versionName="2.0.0" >
6
7    <uses-sdk
8        android:minSdkVersion="21"
9        android:targetSdkVersion="34" />
10
11    <!-- Network permissions for mDNS/Chromecast discovery -->
12    <uses-permission android:name="android.permission.INTERNET" />
12-->src/main/AndroidManifest.xml:4:5-66
12-->src/main/AndroidManifest.xml:4:22-64
13    <uses-permission android:name="android.permission.ACCESS_NETWORK_STATE" />
13-->src/main/AndroidManifest.xml:5:5-78
13-->src/main/AndroidManifest.xml:5:22-76
14    <uses-permission android:name="android.permission.ACCESS_WIFI_STATE" />
14-->src/main/AndroidManifest.xml:6:5-75
14-->src/main/AndroidManifest.xml:6:22-73
15    <uses-permission android:name="android.permission.CHANGE_WIFI_STATE" />
15-->src/main/AndroidManifest.xml:7:5-75
15-->src/main/AndroidManifest.xml:7:22-73
16
17    <!-- CRITICAL: Required for mDNS multicast discovery -->
18    <uses-permission android:name="android.permission.CHANGE_WIFI_MULTICAST_STATE" />
18-->src/main/AndroidManifest.xml:10:5-85
18-->src/main/AndroidManifest.xml:10:22-83
19
20    <!-- Location permissions (REQUIRED for network discovery on Android 12+) -->
21    <uses-permission android:name="android.permission.ACCESS_FINE_LOCATION" />
21-->src/main/AndroidManifest.xml:13:5-78
21-->src/main/AndroidManifest.xml:13:22-76
22    <uses-permission android:name="android.permission.ACCESS_COARSE_LOCATION" />
22-->src/main/AndroidManifest.xml:14:5-80
22-->src/main/AndroidManifest.xml:14:22-78
23
24    <!-- Foreground service for casting notification -->
25    <uses-permission android:name="android.permission.FOREGROUND_SERVICE" />
25-->src/main/AndroidManifest.xml:17:5-76
25-->src/main/AndroidManifest.xml:17:22-74
26    <uses-permission android:name="android.permission.FOREGROUND_SERVICE_MEDIA_PLAYBACK" />
26-->src/main/AndroidManifest.xml:18:5-91
26-->src/main/AndroidManifest.xml:18:22-89
27    <uses-permission android:name="android.permission.POST_NOTIFICATIONS" />
27-->src/main/AndroidManifest.xml:19:5-76
27-->src/main/AndroidManifest.xml:19:22-74
28    <uses-permission android:name="android.permission.WAKE_LOCK" />
28-->src/main/AndroidManifest.xml:20:5-67
28-->src/main/AndroidManifest.xml:20:22-65
29
30    <!-- Picture-in-picture -->
31    <uses-permission android:name="android.permission.SYSTEM_ALERT_WINDOW" />
31-->src/main/AndroidManifest.xml:23:5-77
31-->src/main/AndroidManifest.xml:23:22-75
32
33    <queries>
33-->[:flutter_inappwebview_android] AndroidManifest.xml:7:5-11:15
34        <intent>
34-->[:flutter_inappwebview_android] AndroidManifest.xml:8:9-10:18
35            <action android:name="android.support.customtabs.action.CustomTabsService" />
35-->[:flutter_inappwebview_android] AndroidManifest.xml:9:13-90
35-->[:flutter_inappwebview_android] AndroidManifest.xml:9:21-87
36        </intent>
37    </queries>
38
39    <permission
39-->[androidx.core:core:1.13.1] AndroidManifest.xml:22:5-24:47
40        android:name="com.maukan.cast.DYNAMIC_RECEIVER_NOT_EXPORTED_PERMISSION"
40-->[androidx.core:core:1.13.1] AndroidManifest.xml:23:9-81
41        android:protectionLevel="signature" />
41-->[androidx.core:core:1.13.1] AndroidManifest.xml:24:9-44
42
43    <uses-permission android:name="com.maukan.cast.DYNAMIC_RECEIVER_NOT_EXPORTED_PERMISSION" />
43-->[androidx.core:core:1.13.1] AndroidManifest.xml:26:5-97
43-->[androidx.core:core:1.13.1] AndroidManifest.xml:26:22-94
44
45    <application
46        android:name="android.app.Application"
46-->src/main/AndroidManifest.xml:27:9-42
47        android:appComponentFactory="androidx.core.app.CoreComponentFactory"
47-->[androidx.core:core:1.13.1] AndroidManifest.xml:28:18-86
48        android:extractNativeLibs="true"
49        android:icon="@mipmap/ic_launcher"
49-->src/main/AndroidManifest.xml:28:9-43
50        android:label="Maukan Cast"
50-->src/main/AndroidManifest.xml:26:9-36
51        android:usesCleartextTraffic="true" >
51-->src/main/AndroidManifest.xml:29:9-44
52        <activity
52-->src/main/AndroidManifest.xml:31:9-46:20
53            android:name="com.maukan.cast.MainActivity"
53-->src/main/AndroidManifest.xml:32:13-41
54            android:configChanges="orientation|keyboardHidden|keyboard|screenSize|smallestScreenSize|screenLayout|locale|layoutDirection"
54-->src/main/AndroidManifest.xml:36:13-138
55            android:exported="true"
55-->src/main/AndroidManifest.xml:33:13-36
56            android:hardwareAccelerated="true"
56-->src/main/AndroidManifest.xml:37:13-47
57            android:launchMode="singleTop"
57-->src/main/AndroidManifest.xml:34:13-43
58            android:theme="@style/LaunchTheme"
58-->src/main/AndroidManifest.xml:35:13-47
59            android:windowSoftInputMode="adjustResize" >
59-->src/main/AndroidManifest.xml:38:13-55
60            <meta-data
60-->src/main/AndroidManifest.xml:39:13-41:56
61                android:name="io.flutter.embedding.android.NormalTheme"
61-->src/main/AndroidManifest.xml:40:17-72
62                android:resource="@style/NormalTheme" />
62-->src/main/AndroidManifest.xml:41:17-54
63
64            <intent-filter>
64-->src/main/AndroidManifest.xml:42:13-45:29
65                <action android:name="android.intent.action.MAIN" />
65-->src/main/AndroidManifest.xml:43:17-68
65-->src/main/AndroidManifest.xml:43:25-66
66
67                <category android:name="android.intent.category.LAUNCHER" />
67-->src/main/AndroidManifest.xml:44:17-76
67-->src/main/AndroidManifest.xml:44:27-74
68            </intent-filter>
69        </activity>
70
71        <meta-data
71-->src/main/AndroidManifest.xml:48:9-50:32
72            android:name="flutterEmbedding"
72-->src/main/AndroidManifest.xml:49:13-44
73            android:value="2" />
73-->src/main/AndroidManifest.xml:50:13-30
74
75        <activity
75-->[:flutter_inappwebview_android] AndroidManifest.xml:14:9-18:47
76            android:name="com.pichillilorenzo.flutter_inappwebview_android.in_app_browser.InAppBrowserActivity"
76-->[:flutter_inappwebview_android] AndroidManifest.xml:15:13-112
77            android:configChanges="orientation|keyboardHidden|keyboard|screenSize|locale|layoutDirection|fontScale|screenLayout|density"
77-->[:flutter_inappwebview_android] AndroidManifest.xml:16:13-137
78            android:exported="false"
78-->[:flutter_inappwebview_android] AndroidManifest.xml:17:13-37
79            android:theme="@style/AppTheme" />
79-->[:flutter_inappwebview_android] AndroidManifest.xml:18:13-44
80        <activity
80-->[:flutter_inappwebview_android] AndroidManifest.xml:19:9-22:55
81            android:name="com.pichillilorenzo.flutter_inappwebview_android.chrome_custom_tabs.ChromeCustomTabsActivity"
81-->[:flutter_inappwebview_android] AndroidManifest.xml:20:13-120
82            android:exported="false"
82-->[:flutter_inappwebview_android] AndroidManifest.xml:21:13-37
83            android:theme="@style/ThemeTransparent" />
83-->[:flutter_inappwebview_android] AndroidManifest.xml:22:13-52
84        <activity
84-->[:flutter_inappwebview_android] AndroidManifest.xml:23:9-26:55
85            android:name="com.pichillilorenzo.flutter_inappwebview_android.chrome_custom_tabs.TrustedWebActivity"
85-->[:flutter_inappwebview_android] AndroidManifest.xml:24:13-114
86            android:exported="false"
86-->[:flutter_inappwebview_android] AndroidManifest.xml:25:13-37
87            android:theme="@style/ThemeTransparent" />
87-->[:flutter_inappwebview_android] AndroidManifest.xml:26:13-52
88        <activity
88-->[:flutter_inappwebview_android] AndroidManifest.xml:27:9-31:55
89            android:name="com.pichillilorenzo.flutter_inappwebview_android.chrome_custom_tabs.ChromeCustomTabsActivitySingleInstance"
89-->[:flutter_inappwebview_android] AndroidManifest.xml:28:13-134
90            android:exported="false"
90-->[:flutter_inappwebview_android] AndroidManifest.xml:29:13-37
91            android:launchMode="singleInstance"
91-->[:flutter_inappwebview_android] AndroidManifest.xml:30:13-48
92            android:theme="@style/ThemeTransparent" />
92-->[:flutter_inappwebview_android] AndroidManifest.xml:31:13-52
93        <activity
93-->[:flutter_inappwebview_android] AndroidManifest.xml:32:9-36:55
94            android:name="com.pichillilorenzo.flutter_inappwebview_android.chrome_custom_tabs.TrustedWebActivitySingleInstance"
94-->[:flutter_inappwebview_android] AndroidManifest.xml:33:13-128
95            android:exported="false"
95-->[:flutter_inappwebview_android] AndroidManifest.xml:34:13-37
96            android:launchMode="singleInstance"
96-->[:flutter_inappwebview_android] AndroidManifest.xml:35:13-48
97            android:theme="@style/ThemeTransparent" />
97-->[:flutter_inappwebview_android] AndroidManifest.xml:36:13-52
98
99        <receiver
99-->[:flutter_inappwebview_android] AndroidManifest.xml:38:9-41:40
100            android:name="com.pichillilorenzo.flutter_inappwebview_android.chrome_custom_tabs.ActionBroadcastReceiver"
100-->[:flutter_inappwebview_android] AndroidManifest.xml:39:13-119
101            android:enabled="true"
101-->[:flutter_inappwebview_android] AndroidManifest.xml:40:13-35
102            android:exported="false" />
102-->[:flutter_inappwebview_android] AndroidManifest.xml:41:13-37
103
104        <meta-data
104-->[:flutter_inappwebview_android] AndroidManifest.xml:43:9-45:36
105            android:name="io.flutter.embedded_views_preview"
105-->[:flutter_inappwebview_android] AndroidManifest.xml:44:13-61
106            android:value="true" />
106-->[:flutter_inappwebview_android] AndroidManifest.xml:45:13-33
107
108        <activity
108-->[:url_launcher_android] AndroidManifest.xml:8:9-11:74
109            android:name="io.flutter.plugins.urllauncher.WebViewActivity"
109-->[:url_launcher_android] AndroidManifest.xml:9:13-74
110            android:exported="false"
110-->[:url_launcher_android] AndroidManifest.xml:10:13-37
111            android:theme="@android:style/Theme.NoTitleBar.Fullscreen" />
111-->[:url_launcher_android] AndroidManifest.xml:11:13-71
112
113        <provider
113-->[androidx.emoji2:emoji2:1.2.0] AndroidManifest.xml:24:9-32:20
114            android:name="androidx.startup.InitializationProvider"
114-->[androidx.emoji2:emoji2:1.2.0] AndroidManifest.xml:25:13-67
115            android:authorities="com.maukan.cast.androidx-startup"
115-->[androidx.emoji2:emoji2:1.2.0] AndroidManifest.xml:26:13-68
116            android:exported="false" >
116-->[androidx.emoji2:emoji2:1.2.0] AndroidManifest.xml:27:13-37
117            <meta-data
117-->[androidx.emoji2:emoji2:1.2.0] AndroidManifest.xml:29:13-31:52
118                android:name="androidx.emoji2.text.EmojiCompatInitializer"
118-->[androidx.emoji2:emoji2:1.2.0] AndroidManifest.xml:30:17-75
119                android:value="androidx.startup" />
119-->[androidx.emoji2:emoji2:1.2.0] AndroidManifest.xml:31:17-49
120            <meta-data
120-->[androidx.lifecycle:lifecycle-process:2.7.0] AndroidManifest.xml:29:13-31:52
121                android:name="androidx.lifecycle.ProcessLifecycleInitializer"
121-->[androidx.lifecycle:lifecycle-process:2.7.0] AndroidManifest.xml:30:17-78
122                android:value="androidx.startup" />
122-->[androidx.lifecycle:lifecycle-process:2.7.0] AndroidManifest.xml:31:17-49
123            <meta-data
123-->[androidx.profileinstaller:profileinstaller:1.3.1] AndroidManifest.xml:29:13-31:52
124                android:name="androidx.profileinstaller.ProfileInstallerInitializer"
124-->[androidx.profileinstaller:profileinstaller:1.3.1] AndroidManifest.xml:30:17-85
125                android:value="androidx.startup" />
125-->[androidx.profileinstaller:profileinstaller:1.3.1] AndroidManifest.xml:31:17-49
126        </provider>
127
128        <uses-library
128-->[androidx.window:window:1.2.0] AndroidManifest.xml:23:9-25:40
129            android:name="androidx.window.extensions"
129-->[androidx.window:window:1.2.0] AndroidManifest.xml:24:13-54
130            android:required="false" />
130-->[androidx.window:window:1.2.0] AndroidManifest.xml:25:13-37
131        <uses-library
131-->[androidx.window:window:1.2.0] AndroidManifest.xml:26:9-28:40
132            android:name="androidx.window.sidecar"
132-->[androidx.window:window:1.2.0] AndroidManifest.xml:27:13-51
133            android:required="false" />
133-->[androidx.window:window:1.2.0] AndroidManifest.xml:28:13-37
134
135        <receiver
135-->[androidx.profileinstaller:profileinstaller:1.3.1] AndroidManifest.xml:34:9-52:20
136            android:name="androidx.profileinstaller.ProfileInstallReceiver"
136-->[androidx.profileinstaller:profileinstaller:1.3.1] AndroidManifest.xml:35:13-76
137            android:directBootAware="false"
137-->[androidx.profileinstaller:profileinstaller:1.3.1] AndroidManifest.xml:36:13-44
138            android:enabled="true"
138-->[androidx.profileinstaller:profileinstaller:1.3.1] AndroidManifest.xml:37:13-35
139            android:exported="true"
139-->[androidx.profileinstaller:profileinstaller:1.3.1] AndroidManifest.xml:38:13-36
140            android:permission="android.permission.DUMP" >
140-->[androidx.profileinstaller:profileinstaller:1.3.1] AndroidManifest.xml:39:13-57
141            <intent-filter>
141-->[androidx.profileinstaller:profileinstaller:1.3.1] AndroidManifest.xml:40:13-42:29
142                <action android:name="androidx.profileinstaller.action.INSTALL_PROFILE" />
142-->[androidx.profileinstaller:profileinstaller:1.3.1] AndroidManifest.xml:41:17-91
142-->[androidx.profileinstaller:profileinstaller:1.3.1] AndroidManifest.xml:41:25-88
143            </intent-filter>
144            <intent-filter>
144-->[androidx.profileinstaller:profileinstaller:1.3.1] AndroidManifest.xml:43:13-45:29
145                <action android:name="androidx.profileinstaller.action.SKIP_FILE" />
145-->[androidx.profileinstaller:profileinstaller:1.3.1] AndroidManifest.xml:44:17-85
145-->[androidx.profileinstaller:profileinstaller:1.3.1] AndroidManifest.xml:44:25-82
146            </intent-filter>
147            <intent-filter>
147-->[androidx.profileinstaller:profileinstaller:1.3.1] AndroidManifest.xml:46:13-48:29
148                <action android:name="androidx.profileinstaller.action.SAVE_PROFILE" />
148-->[androidx.profileinstaller:profileinstaller:1.3.1] AndroidManifest.xml:47:17-88
148-->[androidx.profileinstaller:profileinstaller:1.3.1] AndroidManifest.xml:47:25-85
149            </intent-filter>
150            <intent-filter>
150-->[androidx.profileinstaller:profileinstaller:1.3.1] AndroidManifest.xml:49:13-51:29
151                <action android:name="androidx.profileinstaller.action.BENCHMARK_OPERATION" />
151-->[androidx.profileinstaller:profileinstaller:1.3.1] AndroidManifest.xml:50:17-95
151-->[androidx.profileinstaller:profileinstaller:1.3.1] AndroidManifest.xml:50:25-92
152            </intent-filter>
153        </receiver>
154    </application>
155
156</manifest>